<?xml version="1.0" encoding="UTF-8"?>
<!-- Generated by org.testng.reporters.JUnitXMLReporter -->
<testsuite hostname="DESKTOP-CA52V6P" ignored="0" name="Test" tests="4" failures="0" timestamp="16 Feb 2018 01:54:19 GMT" time="0.048" errors="0">
  <testcase name="browserAutomation" time="0.006" classname="qaclickacademy.SeleniumTest"/>
  <testcase name="elementsUI" time="0.0" classname="qaclickacademy.SeleniumTest"/>
  <testcase name="delTwitter" time="0.001" classname="qaclickacademy.RestApiTest"/>
  <testcase name="postJira" time="0.0" classname="qaclickacademy.RestApiTest"/>
</testsuite> <!-- Test -->
