<?xml version="1.0" encoding="UTF-8"?>
<testsuite xmlns:xsi="http://www.w3.org/2001/XMLSchema-instance" xsi:noNamespaceSchemaLocation="https://maven.apache.org/surefire/maven-surefire-plugin/xsd/surefire-test-report.xsd" name="qaclickacademy.AppiumTest" time="0.378" tests="2" errors="0" skipped="0" failures="0">
  <properties>
[...]
</properties>
  <testcase name="IOSapp" classname="qaclickacademy.AppiumTest" time="0.022"/>
  <testcase name="NativeappAndroid" classname="qaclickacademy.AppiumTest" time="0.001"/>
</testsuite>