<?xml version="1.0" encoding="UTF-8"?>
<testng-results skipped="0" failed="0" ignored="0" total="4" passed="4">
  <reporter-output>
  </reporter-output>
  <suite name="Suite" duration-ms="48" started-at="2018-02-16T01:54:19Z" finished-at="2018-02-16T01:54:19Z">
    <groups>
    </groups>
    <test name="Test" duration-ms="48" started-at="2018-02-16T01:54:19Z" finished-at="2018-02-16T01:54:19Z">
      <class name="qaclickacademy.SeleniumTest">
        <test-method status="PASS" signature="browserAutomation()[pri:0, instance:qaclickacademy.SeleniumTest@7225790e]" name="browserAutomation" duration-ms="6" started-at="2018-02-16T01:54:19Z" finished-at="2018-02-16T01:54:19Z">
          <reporter-output>
          </reporter-output>
        </test-method> <!-- browserAutomation -->
        <test-method status="PASS" signature="elementsUI()[pri:0, instance:qaclickacademy.SeleniumTest@7225790e]" name="elementsUI" duration-ms="0" started-at="2018-02-16T01:54:19Z" finished-at="2018-02-16T01:54:19Z">
          <reporter-output>
          </reporter-output>
        </test-method> <!-- elementsUI -->
      </class> <!-- qaclickacademy.SeleniumTest -->
      <class name="qaclickacademy.RestApiTest">
        <test-method status="PASS" signature="delTwitter()[pri:0, instance:qaclickacademy.RestApiTest@5a61f5df]" name="delTwitter" duration-ms="1" started-at="2018-02-16T01:54:19Z" finished-at="2018-02-16T01:54:19Z">
          <reporter-output>
          </reporter-output>
        </test-method> <!-- delTwitter -->
        <test-method status="PASS" signature="postJira()[pri:0, instance:qaclickacademy.RestApiTest@5a61f5df]" name="postJira" duration-ms="0" started-at="2018-02-16T01:54:19Z" finished-at="2018-02-16T01:54:19Z">
          <reporter-output>
          </reporter-output>
        </test-method> <!-- postJira -->
      </class> <!-- qaclickacademy.RestApiTest -->
    </test> <!-- Test -->
  </suite> <!-- Suite -->
</testng-results>
